%!Adobe-FontList 1.23
%Locale:0x409

%BeginFont
Handler:DirectoryHandler
FontType:Invalid
OutlineFileName:/Users/nicole/OneDrive - markenmut AG/Actineo/Verisk_NewDesignActineo/mamu_Einmahl_Nachtrag_Animation_Sprachen_191222/Offene_InDesign/Document fonts/AdobeFnt23.lst
FileLength:1156
FileModTime:693137063
%EndFont

%BeginFont
Handler:DirectoryHandler
FontType:TrueType
FontName:Roboto-Medium
FamilyName:Roboto
StyleName:Medium
MenuName:Roboto Medium
StyleBits:0
WeightClass:500
WidthClass:5
AngleClass:0
FullName:Roboto Medium
WritingScript:Roman
OutlineFileName:/Users/nicole/OneDrive - markenmut AG/Actineo/Verisk_NewDesignActineo/mamu_Einmahl_Nachtrag_Animation_Sprachen_191222/Offene_InDesign/Document fonts/Roboto-Medium.ttf
DataFormat:sfntData
hasSVG:no
VariableFontType:NonVariableFont
FileLength:137308
FileModTime:534829660
NameArray:0,Mac,18,Roboto Medium
NameArray:0,Mac,4,Roboto Medium
NameArray:0,Win,1,Roboto Medium
NameArray:0,Win,16,Roboto
%EndFont

