%!Adobe-FontList 1.23
%Locale:0x409

%BeginFont
Handler:DirectoryHandler
FontType:Invalid
OutlineFileName:/Users/nicole/Library/Group Containers/G69SCX94XU.duck/Library/Application Support/duck/Volumes/MAT-RS1/ACTINEO/Verisk_NewDesignActineo/RZ/Offene_Indesign/ANEO_Verisk_Screendesign_RZ Ordner/Document fonts/AdobeFnt23.lst
FileLength:3131
FileModTime:691323883
%EndFont

%BeginFont
Handler:DirectoryHandler
FontType:Type1
FontName:MinionPro-Regular
FamilyName:Minion Pro
StyleName:Regular
MenuName:Minion Pro
StyleBits:0
WeightClass:400
WidthClass:5
AngleClass:0
FullName:Minion Pro
WritingScript:Roman
OutlineFileName:/Users/nicole/Library/Group Containers/G69SCX94XU.duck/Library/Application Support/duck/Volumes/MAT-RS1/ACTINEO/Verisk_NewDesignActineo/RZ/Offene_Indesign/ANEO_Verisk_Screendesign_RZ Ordner/Document fonts/MinionPro-Regular.otf
DataFormat:sfntData
UsesStandardEncoding:yes
isCFF:yes
hasSVG:no
VariableFontType:NonVariableFont
FileLength:218640
FileModTime:499876536
DesignSize:110
NameArray:0,Mac,4,Minion Pro
NameArray:0,Win,1,Minion Pro
%EndFont

%BeginFont
Handler:DirectoryHandler
FontType:TrueType
FontName:Roboto-Bold
FamilyName:Roboto
StyleName:Bold
MenuName:Roboto
StyleBits:2
WeightClass:700
WidthClass:5
AngleClass:0
FullName:Roboto Bold
WritingScript:Roman
OutlineFileName:/Users/nicole/Library/Group Containers/G69SCX94XU.duck/Library/Application Support/duck/Volumes/MAT-RS1/ACTINEO/Verisk_NewDesignActineo/RZ/Offene_Indesign/ANEO_Verisk_Screendesign_RZ Ordner/Document fonts/Roboto-Bold.ttf
DataFormat:sfntData
hasSVG:no
VariableFontType:NonVariableFont
FileLength:135820
FileModTime:534829660
NameArray:0,Mac,18,Roboto Bold
NameArray:0,Mac,4,Roboto Bold
NameArray:0,Win,1,Roboto
%EndFont

%BeginFont
Handler:DirectoryHandler
FontType:TrueType
FontName:Roboto-Light
FamilyName:Roboto
StyleName:Light
MenuName:Roboto Light
StyleBits:0
WeightClass:300
WidthClass:5
AngleClass:0
FullName:Roboto Light
WritingScript:Roman
OutlineFileName:/Users/nicole/Library/Group Containers/G69SCX94XU.duck/Library/Application Support/duck/Volumes/MAT-RS1/ACTINEO/Verisk_NewDesignActineo/RZ/Offene_Indesign/ANEO_Verisk_Screendesign_RZ Ordner/Document fonts/Roboto-Light.ttf
DataFormat:sfntData
hasSVG:no
VariableFontType:NonVariableFont
FileLength:140276
FileModTime:534829660
NameArray:0,Mac,18,Roboto Light
NameArray:0,Mac,4,Roboto Light
NameArray:0,Win,1,Roboto Light
NameArray:0,Win,16,Roboto
%EndFont

%BeginFont
Handler:DirectoryHandler
FontType:TrueType
FontName:Roboto-Medium
FamilyName:Roboto
StyleName:Medium
MenuName:Roboto Medium
StyleBits:0
WeightClass:500
WidthClass:5
AngleClass:0
FullName:Roboto Medium
WritingScript:Roman
OutlineFileName:/Users/nicole/Library/Group Containers/G69SCX94XU.duck/Library/Application Support/duck/Volumes/MAT-RS1/ACTINEO/Verisk_NewDesignActineo/RZ/Offene_Indesign/ANEO_Verisk_Screendesign_RZ Ordner/Document fonts/Roboto-Medium.ttf
DataFormat:sfntData
hasSVG:no
VariableFontType:NonVariableFont
FileLength:137308
FileModTime:534829660
NameArray:0,Mac,18,Roboto Medium
NameArray:0,Mac,4,Roboto Medium
NameArray:0,Win,1,Roboto Medium
NameArray:0,Win,16,Roboto
%EndFont

